<?xml version="1.0" encoding="UTF-8"?>
<!-- Generated by org.testng.reporters.JUnitReportReporter -->
<testsuite skipped="0" hostname="MilinaRejith" name="TestScript.MashreqDigital" tests="3" failures="0" timestamp="26 Jun 2019 19:03:17 GMT" time="33.144" errors="0">
  <testcase name="verifyTheHeader" time="7.231" classname="TestScript.MashreqDigital"/>
  <testcase name="launchApplication" time="12.673" classname="TestScript.MashreqDigital"/>
  <testcase name="verifyContactPage" time="13.240" classname="TestScript.MashreqDigital"/>
</testsuite> <!-- TestScript.MashreqDigital -->
